app/mapping.txt
com.mcdull.cert.ActivityMode.MyTitleActivity -> com.mcdull.cert.ActivityMode.MyTitleActivity:
    void <init>() -> <init>
    void onCreate(android.os.Bundle) -> onCreate
    void onResume() -> onResume
com.mcdull.cert.ActivityMode.MyTitleActivity$1 -> com.mcdull.cert.ActivityMode.a:
    com.mcdull.cert.ActivityMode.MyTitleActivity this$0 -> a
    void <init>(com.mcdull.cert.ActivityMode.MyTitleActivity) -> <init>
    void onClick(android.view.View) -> onClick
com.mcdull.cert.Application -> com.mcdull.cert.Application:
    void <init>() -> <init>
    void onCreate() -> onCreate
    boolean shouldInit() -> a
com.mcdull.cert.View.CircleImageView -> com.mcdull.cert.View.CircleImageView:
    void <init>(android.content.Context) -> <init>
    void <init>(android.content.Context,android.util.AttributeSet) -> <init>
    void <init>(android.content.Context,android.util.AttributeSet,int) -> <init>
com.mcdull.cert.View.MyViewPager -> com.mcdull.cert.View.MyViewPager:
    boolean isEvent -> a
    void <init>(android.content.Context) -> <init>
    void <init>(android.content.Context,android.util.AttributeSet) -> <init>
    boolean onTouchEvent(android.view.MotionEvent) -> onTouchEvent
    void setIsEvent(boolean) -> setIsEvent
    boolean getIsEvent() -> getIsEvent
com.mcdull.cert.activity.AboutActivity -> com.mcdull.cert.activity.AboutActivity:
    void <init>() -> <init>
    void onCreate(android.os.Bundle) -> onCreate
    void initView() -> a
    void onClick(android.view.View) -> onClick
    void onDestroy() -> onDestroy
com.mcdull.cert.activity.BugFeedbackActivity -> com.mcdull.cert.activity.BugFeedbackActivity:
    android.widget.EditText mEditText -> a
    void <init>() -> <init>
    void onCreate(android.os.Bundle) -> onCreate
    void onClick(android.view.View) -> onClick
    android.widget.EditText access$000(com.mcdull.cert.activity.BugFeedbackActivity) -> a
com.mcdull.cert.activity.BugFeedbackActivity$1 -> com.mcdull.cert.activity.a:
    com.mcdull.cert.activity.BugFeedbackActivity this$0 -> a
    void <init>(com.mcdull.cert.activity.BugFeedbackActivity) -> <init>
    void done(com.avos.avoscloud.AVException) -> done
com.mcdull.cert.activity.CERTActivity -> com.mcdull.cert.activity.CERTActivity:
    android.support.v4.view.ViewPager viewPagerView -> a
    android.view.View view1 -> b
    android.view.View view2 -> c
    android.view.View view3 -> d
    android.view.View view4 -> e
    android.view.View view5 -> f
    java.util.ArrayList ivs -> g
    android.view.View btJoin -> h
    void <init>() -> <init>
    void onCreate(android.os.Bundle) -> onCreate
    void initView() -> a
    void onDestroy() -> onDestroy
    void freeMemory() -> b
    android.view.View access$000(com.mcdull.cert.activity.CERTActivity) -> a
    android.view.View access$100(com.mcdull.cert.activity.CERTActivity) -> b
    android.view.View access$200(com.mcdull.cert.activity.CERTActivity) -> c
    android.view.View access$300(com.mcdull.cert.activity.CERTActivity) -> d
    android.view.View access$400(com.mcdull.cert.activity.CERTActivity) -> e
    android.view.View access$500(com.mcdull.cert.activity.CERTActivity) -> f
    java.util.ArrayList access$600(com.mcdull.cert.activity.CERTActivity) -> g
com.mcdull.cert.activity.CERTActivity$1 -> com.mcdull.cert.activity.b:
    com.mcdull.cert.activity.CERTActivity this$0 -> a
    void <init>(com.mcdull.cert.activity.CERTActivity) -> <init>
    void onClick(android.view.View) -> onClick
com.mcdull.cert.activity.CERTActivity$2 -> com.mcdull.cert.activity.c:
    com.mcdull.cert.activity.CERTActivity this$0 -> a
    void <init>(com.mcdull.cert.activity.CERTActivity) -> <init>
    void onClick(android.view.View) -> onClick
...
com.bumptech.glide.load.resource.gifbitmap.GifBitmapWrapperResourceDecoder$ImageTypeParser -> com.bumptech.glide.load.resource.d.e:
    void <init>() -> <init>
    com.bumptech.glide.load.resource.bitmap.ImageHeaderParser$ImageType parse(java.io.InputStream) -> a
com.bumptech.glide.load.resource.gifbitmap.GifBitmapWrapperResourceEncoder -> com.bumptech.glide.load.resource.d.f:
    com.bumptech.glide.load.ResourceEncoder bitmapEncoder -> a
    com.bumptech.glide.load.ResourceEncoder gifEncoder -> b
    java.lang.String id -> c
    void <init>(com.bumptech.glide.load.ResourceEncoder,com.bumptech.glide.load.ResourceEncoder) -> <init>
    boolean encode(com.bumptech.glide.load.engine.Resource,java.io.OutputStream) -> a
    java.lang.String getId() -> a
    boolean encode(java.lang.Object,java.io.OutputStream) -> a
com.bumptech.glide.load.resource.gifbitmap.GifBitmapWrapperStreamResourceDecoder -> com.bumptech.glide.load.resource.d.g:
    com.bumptech.glide.load.ResourceDecoder gifBitmapDecoder -> a
    void <init>(com.bumptech.glide.load.ResourceDecoder) -> <init>
    com.bumptech.glide.load.engine.Resource decode(java.io.InputStream,int,int) -> a
    java.lang.String getId() -> a
    com.bumptech.glide.load.engine.Resource decode(java.lang.Object,int,int) -> a
com.bumptech.glide.load.resource.gifbitmap.GifBitmapWrapperTransformation -> com.bumptech.glide.load.resource.d.h:
    com.bumptech.glide.load.Transformation bitmapTransformation -> a
    com.bumptech.glide.load.Transformation gifDataTransformation -> b
    void <init>(com.bumptech.glide.load.engine.bitmap_recycle.BitmapPool,com.bumptech.glide.load.Transformation) -> <init>
    void <init>(com.bumptech.glide.load.Transformation,com.bumptech.glide.load.Transformation) -> <init>
    com.bumptech.glide.load.engine.Resource transform(com.bumptech.glide.load.engine.Resource,int,int) -> a
    java.lang.String getId() -> a
com.bumptech.glide.load.resource.gifbitmap.ImageVideoGifDrawableLoadProvider -> com.bumptech.glide.load.resource.d.i:
    com.bumptech.glide.load.ResourceDecoder cacheDecoder -> a
    com.bumptech.glide.load.ResourceDecoder sourceDecoder -> b
    com.bumptech.glide.load.ResourceEncoder encoder -> c
    com.bumptech.glide.load.Encoder sourceEncoder -> d
    void <init>(com.bumptech.glide.provider.DataLoadProvider,com.bumptech.glide.provider.DataLoadProvider,com.bumptech.glide.load.engine.bitmap_recycle.BitmapPool) -> <init>
    com.bumptech.glide.load.ResourceDecoder getCacheDecoder() -> a
    com.bumptech.glide.load.ResourceDecoder getSourceDecoder() -> b
    com.bumptech.glide.load.Encoder getSourceEncoder() -> c
    com.bumptech.glide.load.ResourceEncoder getEncoder() -> d
com.bumptech.glide.load.resource.transcode.GifBitmapWrapperDrawableTranscoder -> com.bumptech.glide.load.resource.e.a:
    com.bumptech.glide.load.resource.transcode.ResourceTranscoder bitmapDrawableResourceTranscoder -> a
    void <init>(com.bumptech.glide.load.resource.transcode.ResourceTranscoder) -> <init>
    com.bumptech.glide.load.engine.Resource transcode(com.bumptech.glide.load.engine.Resource) -> a
    java.lang.String getId() -> a
com.bumptech.glide.load.resource.transcode.GlideBitmapDrawableTranscoder -> com.bumptech.glide.load.resource.e.b:
    android.content.res.Resources resources -> a
    com.bumptech.glide.load.engine.bitmap_recycle.BitmapPool bitmapPool -> b
    void <init>(android.content.res.Resources,com.bumptech.glide.load.engine.bitmap_recycle.BitmapPool) -> <init>
    com.bumptech.glide.load.engine.Resource transcode(com.bumptech.glide.load.engine.Resource) -> a
    java.lang.String getId() -> a
com.bumptech.glide.load.resource.transcode.ResourceTranscoder -> com.bumptech.glide.load.resource.e.c:
    com.bumptech.glide.load.engine.Resource transcode(com.bumptech.glide.load.engine.Resource) -> a
    java.lang.String getId() -> a