app/unused.txt
com.mcdull.cert.Application:
    public static final java.lang.String APP_ID
    public static final java.lang.String APP_KEY
com.mcdull.cert.BuildConfig
com.mcdull.cert.Manifest
com.mcdull.cert.Manifest$permission
com.mcdull.cert.R
com.mcdull.cert.R$anim
com.mcdull.cert.R$attr
com.mcdull.cert.R$bool
com.mcdull.cert.R$color
com.mcdull.cert.R$dimen
com.mcdull.cert.R$drawable
com.mcdull.cert.R$id
com.mcdull.cert.R$integer
com.mcdull.cert.R$layout
com.mcdull.cert.R$menu
com.mcdull.cert.R$mipmap
com.mcdull.cert.R$string
com.mcdull.cert.R$style
com.mcdull.cert.R$styleable
com.mcdull.cert.activity.MyDataActivity:
    private static final int PHOTO_REQUEST_GALLERY
    private static final int PHOTO_REQUEST_CUT
com.mcdull.cert.activity.RepairActivity:
    private java.util.List pairList
com.mcdull.cert.activity.SettingActivity:
    public static final java.lang.String APP_ID
    public static final java.lang.String APP_KEY
com.mcdull.cert.adapter.ECardAdapter:
    59:61:void upDateList(java.util.List)
com.mcdull.cert.adapter.ExamAdapter:
    59:61:void upDateList(java.util.List)
com.mcdull.cert.adapter.LibraryAdapter:
    57:59:void upDateList(java.util.List)
com.mcdull.cert.adapter.ReExamAdapter:
    67:69:void upDateList(java.util.List)
com.mcdull.cert.adapter.ScoreAdapter:
    57:59:void upDateList(java.util.List)
com.mcdull.cert.adapter.SelectAdapter:
    54:56:void upDateList(java.util.List)
com.mcdull.cert.domain.CollegeIdName:
    12:13:public void setCollege_id(java.lang.String)
    20:21:public void setCollege_name(java.lang.String)
com.mcdull.cert.domain.LocationList
com.mcdull.cert.domain.SchoolLoc:
    11:11:public SchoolLoc()
com.mcdull.cert.utils.CourseUtil:
    25:25:public CourseUtil()
    133:143:public static java.util.List getCourse(int,android.content.Context)
com.mcdull.cert.utils.Util:
    35:35:public Util()
    250:250:public static android.graphics.drawable.Drawable resourceToDrawable(int,android.content.Context)
...
android.support.v7.app.AppCompatDelegateImplBase$1
android.support.v7.app.AppCompatDelegateImplBase$ActionBarDrawableToggleImpl
android.support.v7.app.AppCompatDelegateImplV14:
    41:42:public void setHandleNativeActionModesEnabled(boolean)
android.support.v7.app.AppCompatDelegateImplV7:
    190:209:public void setSupportActionBar(android.support.v7.widget.Toolbar)
    545:560:public boolean hasWindowFeature(int)
    1630:1630:android.view.ViewGroup getSubDecor()
android.support.v7.app.AppCompatDelegateImplV7$PanelFeatureState:
    boolean wasLastOpen
    android.os.Bundle frozenMenuState
    1814:1818:public void clearMenuPresenters()
    1880:1889:android.os.Parcelable onSaveInstanceState()
    1893:1900:void onRestoreInstanceState(android.os.Parcelable)
    1903:1907:void applyFrozenState()
android.support.v7.app.AppCompatDelegateImplV7$PanelFeatureState$SavedState:
    1909:1909:synthetic AppCompatDelegateImplV7$PanelFeatureState$SavedState(android.support.v7.app.AppCompatDelegateImplV7$1)
android.support.v7.app.AppCompatDialog:
    38:39:public AppCompatDialog(android.content.Context)
    53:54:protected AppCompatDialog(android.content.Context,boolean,android.content.DialogInterface$OnCancelListener)
    71:71:public android.support.v7.app.ActionBar getSupportActionBar()
android.support.v7.app.NotificationCompat:
    33:168:public NotificationCompat()
android.support.v7.app.NotificationCompat$MediaStyle:
    170:180:public NotificationCompat$MediaStyle(android.support.v4.app.NotificationCompat$Builder)
    189:190:public varargs android.support.v7.app.NotificationCompat$MediaStyle setShowActionsInCompactView(int[])
    198:199:public android.support.v7.app.NotificationCompat$MediaStyle setMediaSession(android.support.v4.media.session.MediaSessionCompat$Token)
    227:228:public android.support.v7.app.NotificationCompat$MediaStyle setShowCancelButton(boolean)
    238:239:public android.support.v7.app.NotificationCompat$MediaStyle setCancelButtonIntent(android.app.PendingIntent)
android.support.v7.app.TwilightCalculator
android.support.v7.app.TwilightManager
android.support.v7.app.TwilightManager$1
android.support.v7.app.TwilightManager$TwilightState
android.support.v7.appcompat.BuildConfig
android.support.v7.appcompat.R:
    9:9:public R()
android.support.v7.appcompat.R$anim
android.support.v7.appcompat.R$attr:
    22:22:public R$attr()
android.support.v7.appcompat.R$bool:
    227:227:public R$bool()
android.support.v7.appcompat.R$color:
    236:236:public R$color()
android.support.v7.appcompat.R$dimen:
    308:308:public R$dimen()
android.support.v7.appcompat.R$drawable:
    382:382:public R$drawable()
android.support.v7.appcompat.R$id:
    447:447:public R$id()
android.support.v7.appcompat.R$integer:
    539:539:public R$integer()
android.support.v7.appcompat.R$layout:
    546:546:public R$layout()
android.support.v7.appcompat.R$string:
    584:584:public R$string()
android.support.v7.appcompat.R$style:
    604:604:public R$style()
android.support.v7.appcompat.R$styleable:
    908:908:public R$styleable()
android.support.v7.graphics.drawable.DrawableUtils:
    25:25:public DrawableUtils()
android.support.v7.graphics.drawable.DrawerArrowDrawable
android.support.v7.graphics.drawable.DrawerArrowDrawable$ArrowDirection
android.support.v7.internal.VersionUtils:
    10:10:private VersionUtils()
android.support.v7.internal.app.AppCompatViewInflater:
    private static final java.lang.String LOG_TAG
android.support.v7.internal.app.NavItemSelectedListener
android.support.v7.internal.app.NotificationCompatImpl21:
    26:26:public NotificationCompatImpl21()
android.support.v7.internal.app.NotificationCompatImplBase:
    static final int MAX_MEDIA_BUTTONS_IN_COMPACT
    static final int MAX_MEDIA_BUTTONS
    41:41:public NotificationCompatImplBase()